current directory: /Users/michal/projects/madek/admin-webapp/vendor/bundle/ruby/2.6.0/gems/ruby-prof-0.15.9/ext/ruby_prof
/Users/michal/.rvm/rubies/ruby-2.6.0/bin/ruby -I /Users/michal/.rvm/rubies/ruby-2.6.0/lib/ruby/2.6.0 -r ./siteconf20190418-64545-1vt0uk.rb extconf.rb
checking for rb_gc_stat()... yes
checking for rb_gc_count()... yes
checking for rb_os_allocated_objects()... no
checking for rb_gc_allocated_size()... no
checking for rb_gc_collections()... no
checking for rb_gc_time()... no
checking for rb_gc_total_time()... no
checking for rb_gc_total_mallocs()... no
checking for rb_gc_total_malloced_bytes()... no
checking for rb_heap_total_mem()... no
checking for rb_gc_heap_info()... no
creating Makefile

current directory: /Users/michal/projects/madek/admin-webapp/vendor/bundle/ruby/2.6.0/gems/ruby-prof-0.15.9/ext/ruby_prof
make "DESTDIR=" clean

current directory: /Users/michal/projects/madek/admin-webapp/vendor/bundle/ruby/2.6.0/gems/ruby-prof-0.15.9/ext/ruby_prof
make "DESTDIR="
compiling rp_call_info.c
compiling rp_measure.c
compiling rp_measure_allocations.c
compiling rp_measure_cpu_time.c
compiling rp_measure_gc_runs.c
compiling rp_measure_gc_time.c
compiling rp_measure_memory.c
compiling rp_measure_process_time.c
compiling rp_measure_wall_time.c
compiling rp_method.c
compiling rp_stack.c
compiling rp_thread.c
compiling ruby_prof.c
linking shared-object ruby_prof.bundle

current directory: /Users/michal/projects/madek/admin-webapp/vendor/bundle/ruby/2.6.0/gems/ruby-prof-0.15.9/ext/ruby_prof
make "DESTDIR=" install
/usr/local/opt/coreutils/bin/ginstall -c -m 0755 ruby_prof.bundle ./.gem.20190418-64545-ezraml
