" gcc -o conftest -I/Users/michal/.rvm/rubies/ruby-2.6.0/include/ruby-2.6.0/x86_64-darwin17 -I/Users/michal/.rvm/rubies/ruby-2.6.0/include/ruby-2.6.0/ruby/backward -I/Users/michal/.rvm/rubies/ruby-2.6.0/include/ruby-2.6.0 -I.  -I/usr/local/opt/libyaml/include -I/usr/local/opt/readline/include -I/usr/local/opt/libksba/include -I/usr/local/opt/openssl@1.1/include -D_XOPEN_SOURCE -D_DARWIN_C_SOURCE -D_DARWIN_UNLIMITED_SELECT -D_REENTRANT   -O3 -ggdb3 -Wall -Wextra -Wdeclaration-after-statement -Wdeprecated-declarations -Wdivision-by-zero -Wimplicit-function-declaration -Wimplicit-int -Wpointer-arith -Wshorten-64-to-32 -Wwrite-strings -Wmissing-noreturn -Wno-constant-logical-operand -Wno-long-long -Wno-missing-field-initializers -Wno-overlength-strings -Wno-parentheses-equality -Wno-self-assign -Wno-tautological-compare -Wno-unused-parameter -Wno-unused-value -Wunused-variable -Wextra-tokens  -fno-common -pipe  conftest.c  -L. -L/Users/michal/.rvm/rubies/ruby-2.6.0/lib -L/usr/local/opt/libyaml/lib -L/usr/local/opt/readline/lib -L/usr/local/opt/libksba/lib -L/usr/local/opt/openssl@1.1/lib -L. -fstack-protector-strong -L/usr/local/lib -L/usr/local/opt/libyaml/lib -L/usr/local/opt/readline/lib -L/usr/local/opt/libksba/lib -L/usr/local/opt/openssl@1.1/lib     -lruby.2.6    "
checked program was:
/* begin */
1: #include "ruby.h"
2: 
3: int main(int argc, char **argv)
4: {
5:   return 0;
6: }
/* end */

" gcc -I/Users/michal/.rvm/rubies/ruby-2.6.0/include/ruby-2.6.0/x86_64-darwin17 -I/Users/michal/.rvm/rubies/ruby-2.6.0/include/ruby-2.6.0/ruby/backward -I/Users/michal/.rvm/rubies/ruby-2.6.0/include/ruby-2.6.0 -I.  -I/usr/local/opt/libyaml/include -I/usr/local/opt/readline/include -I/usr/local/opt/libksba/include -I/usr/local/opt/openssl@1.1/include -D_XOPEN_SOURCE -D_DARWIN_C_SOURCE -D_DARWIN_UNLIMITED_SELECT -D_REENTRANT   -O3 -ggdb3 -Wall -Wextra -Wdeclaration-after-statement -Wdeprecated-declarations -Wdivision-by-zero -Wimplicit-function-declaration -Wimplicit-int -Wpointer-arith -Wshorten-64-to-32 -Wwrite-strings -Wmissing-noreturn -Wno-constant-logical-operand -Wno-long-long -Wno-missing-field-initializers -Wno-overlength-strings -Wno-parentheses-equality -Wno-self-assign -Wno-tautological-compare -Wno-unused-parameter -Wno-unused-value -Wunused-variable -Wextra-tokens  -fno-common -pipe    -Werror -c conftest.c"
checked program was:
/* begin */
1: #include "ruby.h"
2: 
3: int main() {return 0;}
/* end */

" gcc -I/Users/michal/.rvm/rubies/ruby-2.6.0/include/ruby-2.6.0/x86_64-darwin17 -I/Users/michal/.rvm/rubies/ruby-2.6.0/include/ruby-2.6.0/ruby/backward -I/Users/michal/.rvm/rubies/ruby-2.6.0/include/ruby-2.6.0 -I.  -I/usr/local/opt/libyaml/include -I/usr/local/opt/readline/include -I/usr/local/opt/libksba/include -I/usr/local/opt/openssl@1.1/include -D_XOPEN_SOURCE -D_DARWIN_C_SOURCE -D_DARWIN_UNLIMITED_SELECT -D_REENTRANT   -O3 -ggdb3 -Wall -Wextra -Wdeclaration-after-statement -Wdeprecated-declarations -Wdivision-by-zero -Wimplicit-function-declaration -Wimplicit-int -Wpointer-arith -Wshorten-64-to-32 -Wwrite-strings -Wmissing-noreturn -Wno-constant-logical-operand -Wno-long-long -Wno-missing-field-initializers -Wno-overlength-strings -Wno-parentheses-equality -Wno-self-assign -Wno-tautological-compare -Wno-unused-parameter -Wno-unused-value -Wunused-variable -Wextra-tokens  -fno-common -pipe  -Wno-error=unused-command-line-argument-hard-error-in-future   -Werror -c conftest.c"
error: unknown warning option '-Werror=unused-command-line-argument-hard-error-in-future'; did you mean '-Werror=unused-command-line-argument'? [-Werror,-Wunknown-warning-option]
checked program was:
/* begin */
1: #include "ruby.h"
2: 
3: int main() {return 0;}
/* end */

have_header: checking for iconv.h... -------------------- yes

" gcc -E -I/Users/michal/.rvm/rubies/ruby-2.6.0/include/ruby-2.6.0/x86_64-darwin17 -I/Users/michal/.rvm/rubies/ruby-2.6.0/include/ruby-2.6.0/ruby/backward -I/Users/michal/.rvm/rubies/ruby-2.6.0/include/ruby-2.6.0 -I.  -I/usr/local/opt/libyaml/include -I/usr/local/opt/readline/include -I/usr/local/opt/libksba/include -I/usr/local/opt/openssl@1.1/include -D_XOPEN_SOURCE -D_DARWIN_C_SOURCE -D_DARWIN_UNLIMITED_SELECT -D_REENTRANT   -O3 -ggdb3 -Wall -Wextra -Wdeclaration-after-statement -Wdeprecated-declarations -Wdivision-by-zero -Wimplicit-function-declaration -Wimplicit-int -Wpointer-arith -Wshorten-64-to-32 -Wwrite-strings -Wmissing-noreturn -Wno-constant-logical-operand -Wno-long-long -Wno-missing-field-initializers -Wno-overlength-strings -Wno-parentheses-equality -Wno-self-assign -Wno-tautological-compare -Wno-unused-parameter -Wno-unused-value -Wunused-variable -Wextra-tokens  -fno-common -pipe  -O3 -Wall -Wcast-qual -Wwrite-strings -Wconversion -Wmissing-noreturn -Winline  conftest.c -o conftest.i"
checked program was:
/* begin */
1: #include "ruby.h"
2: 
3: #include <iconv.h>
/* end */

--------------------

have_library: checking for gzdopen() in -lz... -------------------- yes

" gcc -o conftest -I/Users/michal/.rvm/rubies/ruby-2.6.0/include/ruby-2.6.0/x86_64-darwin17 -I/Users/michal/.rvm/rubies/ruby-2.6.0/include/ruby-2.6.0/ruby/backward -I/Users/michal/.rvm/rubies/ruby-2.6.0/include/ruby-2.6.0 -I.  -I/usr/local/opt/libyaml/include -I/usr/local/opt/readline/include -I/usr/local/opt/libksba/include -I/usr/local/opt/openssl@1.1/include -D_XOPEN_SOURCE -D_DARWIN_C_SOURCE -D_DARWIN_UNLIMITED_SELECT -D_REENTRANT   -O3 -ggdb3 -Wall -Wextra -Wdeclaration-after-statement -Wdeprecated-declarations -Wdivision-by-zero -Wimplicit-function-declaration -Wimplicit-int -Wpointer-arith -Wshorten-64-to-32 -Wwrite-strings -Wmissing-noreturn -Wno-constant-logical-operand -Wno-long-long -Wno-missing-field-initializers -Wno-overlength-strings -Wno-parentheses-equality -Wno-self-assign -Wno-tautological-compare -Wno-unused-parameter -Wno-unused-value -Wunused-variable -Wextra-tokens  -fno-common -pipe  -O3 -Wall -Wcast-qual -Wwrite-strings -Wconversion -Wmissing-noreturn -Winline conftest.c  -L. -L/Users/michal/.rvm/rubies/ruby-2.6.0/lib -L/usr/local/opt/libyaml/lib -L/usr/local/opt/readline/lib -L/usr/local/opt/libksba/lib -L/usr/local/opt/openssl@1.1/lib -L. -fstack-protector-strong -L/usr/local/lib -L/usr/local/opt/libyaml/lib -L/usr/local/opt/readline/lib -L/usr/local/opt/libksba/lib -L/usr/local/opt/openssl@1.1/lib     -lruby.2.6 -lz    "
checked program was:
/* begin */
 1: #include "ruby.h"
 2: 
 3: #include <zlib.h>
 4: 
 5: /*top*/
 6: extern int t(void);
 7: int main(int argc, char **argv)
 8: {
 9:   if (argc > 1000000) {
10:     int (* volatile tp)(void)=(int (*)(void))&t;
11:     printf("%d", (*tp)());
12:   }
13: 
14:   return 0;
15: }
16: int t(void) { void ((*volatile p)()); p = (void ((*)()))gzdopen; return !p; }
/* end */

--------------------

have_iconv?: checking for iconv using --with-opt-* flags... -------------------- yes

" gcc -o conftest -I/Users/michal/.rvm/rubies/ruby-2.6.0/include/ruby-2.6.0/x86_64-darwin17 -I/Users/michal/.rvm/rubies/ruby-2.6.0/include/ruby-2.6.0/ruby/backward -I/Users/michal/.rvm/rubies/ruby-2.6.0/include/ruby-2.6.0 -I.  -I/usr/local/opt/libyaml/include -I/usr/local/opt/readline/include -I/usr/local/opt/libksba/include -I/usr/local/opt/openssl@1.1/include -D_XOPEN_SOURCE -D_DARWIN_C_SOURCE -D_DARWIN_UNLIMITED_SELECT -D_REENTRANT   -O3 -ggdb3 -Wall -Wextra -Wdeclaration-after-statement -Wdeprecated-declarations -Wdivision-by-zero -Wimplicit-function-declaration -Wimplicit-int -Wpointer-arith -Wshorten-64-to-32 -Wwrite-strings -Wmissing-noreturn -Wno-constant-logical-operand -Wno-long-long -Wno-missing-field-initializers -Wno-overlength-strings -Wno-parentheses-equality -Wno-self-assign -Wno-tautological-compare -Wno-unused-parameter -Wno-unused-value -Wunused-variable -Wextra-tokens  -fno-common -pipe  -O3 -Wall -Wcast-qual -Wwrite-strings -Wconversion -Wmissing-noreturn -Winline conftest.c  -L. -L/Users/michal/.rvm/rubies/ruby-2.6.0/lib -L/usr/local/opt/libyaml/lib -L/usr/local/opt/readline/lib -L/usr/local/opt/libksba/lib -L/usr/local/opt/openssl@1.1/lib -L. -fstack-protector-strong -L/usr/local/lib -L/usr/local/opt/libyaml/lib -L/usr/local/opt/readline/lib -L/usr/local/opt/libksba/lib -L/usr/local/opt/openssl@1.1/lib     -lruby.2.6    "
Undefined symbols for architecture x86_64:
  "_iconv", referenced from:
      _main in conftest-64259c.o
  "_iconv_open", referenced from:
      _main in conftest-64259c.o
ld: symbol(s) not found for architecture x86_64
clang: error: linker command failed with exit code 1 (use -v to see invocation)
checked program was:
/* begin */
 1: #include "ruby.h"
 2: 
 3: #include <stdlib.h>
 4: #include <iconv.h>
 5: 
 6: int main(void)
 7: {
 8:     iconv_t cd = iconv_open("", "");
 9:     iconv(cd, NULL, NULL, NULL, NULL);
10:     return EXIT_SUCCESS;
11: }
/* end */

" gcc -o conftest -I/Users/michal/.rvm/rubies/ruby-2.6.0/include/ruby-2.6.0/x86_64-darwin17 -I/Users/michal/.rvm/rubies/ruby-2.6.0/include/ruby-2.6.0/ruby/backward -I/Users/michal/.rvm/rubies/ruby-2.6.0/include/ruby-2.6.0 -I.  -I/usr/local/opt/libyaml/include -I/usr/local/opt/readline/include -I/usr/local/opt/libksba/include -I/usr/local/opt/openssl@1.1/include -D_XOPEN_SOURCE -D_DARWIN_C_SOURCE -D_DARWIN_UNLIMITED_SELECT -D_REENTRANT   -O3 -ggdb3 -Wall -Wextra -Wdeclaration-after-statement -Wdeprecated-declarations -Wdivision-by-zero -Wimplicit-function-declaration -Wimplicit-int -Wpointer-arith -Wshorten-64-to-32 -Wwrite-strings -Wmissing-noreturn -Wno-constant-logical-operand -Wno-long-long -Wno-missing-field-initializers -Wno-overlength-strings -Wno-parentheses-equality -Wno-self-assign -Wno-tautological-compare -Wno-unused-parameter -Wno-unused-value -Wunused-variable -Wextra-tokens  -fno-common -pipe  -O3 -Wall -Wcast-qual -Wwrite-strings -Wconversion -Wmissing-noreturn -Winline conftest.c  -L. -L/Users/michal/.rvm/rubies/ruby-2.6.0/lib -L/usr/local/opt/libyaml/lib -L/usr/local/opt/readline/lib -L/usr/local/opt/libksba/lib -L/usr/local/opt/openssl@1.1/lib -L. -fstack-protector-strong -L/usr/local/lib -L/usr/local/opt/libyaml/lib -L/usr/local/opt/readline/lib -L/usr/local/opt/libksba/lib -L/usr/local/opt/openssl@1.1/lib     -lruby.2.6 -liconv   "
checked program was:
/* begin */
 1: #include "ruby.h"
 2: 
 3: #include <stdlib.h>
 4: #include <iconv.h>
 5: 
 6: int main(void)
 7: {
 8:     iconv_t cd = iconv_open("", "");
 9:     iconv(cd, NULL, NULL, NULL, NULL);
10:     return EXIT_SUCCESS;
11: }
/* end */

--------------------

